TN:
SF:lib/core/firebase/firebase_options.dart
FNF:0
FNH:0
DA:57,1
DA:59,0
DA:61,1
DA:62,1
DA:63,1
DA:64,0
DA:65,0
DA:66,0
DA:67,0
DA:68,0
DA:69,0
DA:70,0
DA:71,0
DA:75,0
DA:76,0
DA:92,2
DA:93,3
DA:94,3
DA:95,3
DA:96,3
DA:97,3
DA:98,3
DA:99,3
DA:110,2
DA:111,3
DA:112,3
DA:114,3
DA:115,3
DA:117,3
DA:118,3
DA:119,3
DA:131,2
DA:132,3
DA:133,3
DA:135,3
DA:136,3
DA:138,3
DA:139,3
DA:140,3
DA:141,3
DA:153,2
DA:154,3
DA:155,0
DA:157,3
DA:158,0
DA:160,3
DA:161,3
DA:162,3
DA:163,3
DA:176,2
DA:177,3
DA:178,3
DA:179,3
DA:180,3
DA:181,3
DA:182,3
DA:183,3
LF:57
LH:44
end_of_record
TN:
SF:lib/core/localization/app_localization.dart
FNF:0
FNH:0
DA:8,12
DA:9,12
DA:13,12
DA:16,24
DA:18,12
DA:22,1
DA:23,1
DA:24,1
DA:26,1
DA:29,1
LF:10
LH:10
end_of_record
TN:
SF:lib/core/localization/locale_provider.dart
FNF:0
FNH:0
DA:11,2
DA:14,1
DA:15,1
DA:19,2
DA:20,1
DA:21,1
DA:26,1
DA:27,1
DA:31,1
DA:32,1
DA:36,1
DA:38,1
DA:39,4
DA:40,1
DA:43,1
DA:48,0
DA:49,0
LF:17
LH:15
end_of_record
TN:
SF:lib/core/presentation/hooks/use_email_validator.dart
FNF:0
FNH:0
DA:24,6
DA:28,6
DA:29,6
DA:30,5
DA:31,5
DA:34,5
DA:35,5
DA:41,6
LF:8
LH:8
end_of_record
TN:
SF:lib/core/presentation/hooks/use_format_error_message.dart
FNF:0
FNH:0
DA:12,10
DA:13,10
DA:14,10
DA:16,10
DA:17,10
DA:21,20
DA:24,10
DA:25,40
DA:26,3
DA:27,1
DA:32,10
LF:11
LH:11
end_of_record
TN:
SF:lib/core/presentation/widgets/error_widget.dart
FNF:0
FNH:0
DA:8,9
DA:16,9
DA:19,18
DA:21,9
DA:23,9
DA:26,36
DA:27,27
LF:7
LH:7
end_of_record
TN:
SF:lib/core/routing/app_route.dart
FNF:0
FNH:0
DA:25,4
DA:36,24
DA:44,6
LF:3
LH:3
end_of_record
TN:
SF:lib/core/routing/app_router.dart
FNF:0
FNH:0
DA:25,1
DA:28,1
DA:29,1
DA:32,1
DA:33,1
DA:34,1
DA:35,1
DA:36,0
DA:38,1
DA:39,1
DA:40,1
DA:41,0
DA:43,1
DA:44,1
DA:45,1
DA:46,0
DA:48,1
DA:49,1
DA:50,1
DA:51,0
DA:54,0
DA:55,0
DA:57,0
DA:61,0
DA:62,0
DA:63,0
DA:66,0
DA:80,0
DA:82,0
DA:83,0
DA:84,0
DA:89,0
DA:90,0
DA:91,0
DA:92,0
LF:35
LH:16
end_of_record
TN:
SF:lib/core/routing/auth_notifier_provider.dart
FNF:0
FNH:0
DA:7,1
DA:15,1
DA:17,1
DA:18,1
DA:19,1
DA:21,1
LF:6
LH:6
end_of_record
TN:
SF:lib/core/routing/auth_router_notifier.dart
FNF:0
FNH:0
DA:21,1
DA:24,1
DA:36,2
DA:42,1
DA:45,1
DA:46,4
DA:47,1
DA:48,1
DA:52,0
DA:53,0
DA:60,1
DA:62,2
DA:63,1
DA:72,3
DA:73,0
DA:74,0
LF:16
LH:12
end_of_record
TN:
SF:lib/core/theme/app_theme.dart
FNF:0
FNH:0
DA:6,0
DA:23,3
DA:24,3
DA:39,3
DA:41,3
DA:42,3
DA:45,3
DA:46,3
DA:49,3
DA:50,3
DA:58,3
DA:59,3
DA:63,3
DA:66,3
DA:67,3
DA:70,3
DA:71,3
DA:74,3
DA:75,3
LF:19
LH:18
end_of_record
TN:
SF:lib/core/url_strategy/default_url_strategy.dart
FNF:0
FNH:0
DA:3,3
LF:1
LH:1
end_of_record
TN:
SF:lib/features/auth/data/providers/auth_repository_provider.dart
FNF:0
FNH:0
DA:11,1
DA:17,1
DA:23,2
DA:26,9
DA:27,2
DA:31,48
DA:32,2
DA:33,2
LF:8
LH:8
end_of_record
TN:
SF:lib/features/auth/data/repositories/firebase_auth_repository.dart
FNF:0
FNH:0
DA:8,2
DA:14,1
DA:16,2
DA:19,1
DA:21,2
DA:27,1
DA:32,2
DA:38,1
DA:40,2
DA:43,1
DA:45,2
DA:48,1
DA:50,4
LF:13
LH:13
end_of_record
TN:
SF:lib/features/auth/presentation/login_screen.dart
FNF:0
FNH:0
DA:10,35
DA:12,3
DA:14,6
DA:15,3
DA:16,3
DA:17,3
DA:18,3
DA:21,3
DA:22,3
DA:23,3
DA:25,4
DA:26,2
DA:27,2
DA:32,3
DA:35,3
DA:36,3
DA:37,9
DA:39,3
DA:41,3
DA:54,3
DA:64,3
DA:70,6
DA:72,3
DA:84,2
DA:90,4
DA:91,8
DA:98,3
DA:107,3
DA:108,6
DA:109,6
DA:112,3
DA:114,3
DA:117,3
DA:119,3
DA:122,9
DA:125,3
DA:129,3
DA:130,3
DA:132,3
DA:133,6
DA:139,1
DA:141,1
DA:145,3
DA:146,3
DA:149,3
DA:150,6
DA:156,1
DA:158,1
DA:161,1
DA:162,1
DA:165,2
DA:166,2
DA:167,4
DA:169,4
DA:170,2
DA:175,3
DA:176,3
DA:177,2
DA:178,2
DA:181,2
DA:182,2
DA:185,3
DA:188,9
DA:190,3
DA:191,3
DA:192,2
DA:193,2
DA:195,9
DA:197,3
LF:69
LH:69
end_of_record
TN:
SF:lib/features/auth/presentation/providers/login_notifier.dart
FNF:0
FNH:0
DA:7,7
DA:9,7
DA:15,6
DA:19,6
DA:22,12
DA:23,6
DA:25,9
DA:30,3
DA:31,3
DA:36,12
DA:37,6
DA:38,12
DA:39,12
LF:13
LH:13
end_of_record
TN:
SF:lib/features/auth/presentation/providers/login_state.dart
FNF:0
FNH:0
DA:7,43
DA:13,33
DA:19,36
DA:25,35
DA:31,11
DA:36,1
DA:39,4
DA:42,1
DA:43,2
LF:9
LH:9
end_of_record
TN:
SF:lib/features/auth/presentation/providers/register_form_provider.dart
FNF:0
FNH:0
DA:21,4
DA:24,1
DA:25,1
DA:29,1
DA:30,1
DA:34,1
DA:35,1
DA:39,1
DA:40,1
DA:45,4
DA:46,2
DA:47,4
LF:12
LH:12
end_of_record
TN:
SF:lib/features/auth/presentation/providers/register_notifier.dart
FNF:0
FNH:0
DA:7,6
DA:9,6
DA:15,6
DA:19,6
DA:22,12
DA:23,6
DA:25,12
DA:30,4
DA:31,4
DA:36,10
DA:37,5
DA:38,10
DA:39,10
LF:13
LH:13
end_of_record
TN:
SF:lib/features/auth/presentation/providers/register_state.dart
FNF:0
FNH:0
DA:7,43
DA:13,33
DA:19,35
DA:25,35
DA:31,11
DA:36,2
DA:39,8
DA:42,2
DA:43,4
LF:9
LH:9
end_of_record
TN:
SF:lib/features/auth/presentation/register_screen.dart
FNF:0
FNH:0
DA:10,34
DA:12,2
DA:14,4
DA:15,4
DA:17,2
DA:18,2
DA:19,2
DA:20,2
DA:21,2
DA:22,2
DA:23,2
DA:26,2
DA:27,2
DA:28,2
DA:30,4
DA:31,2
DA:32,2
DA:37,2
DA:41,2
DA:42,2
DA:44,2
DA:45,2
DA:46,1
DA:47,1
DA:48,1
DA:49,1
DA:50,1
DA:57,2
DA:60,2
DA:61,2
DA:62,6
DA:64,2
DA:66,2
DA:82,2
DA:95,2
DA:101,4
DA:103,2
DA:118,2
DA:124,4
DA:126,4
DA:127,8
DA:135,2
DA:147,2
DA:148,4
DA:149,4
DA:152,2
DA:154,2
DA:157,2
DA:159,2
DA:162,6
DA:165,2
DA:169,2
DA:170,2
DA:174,2
DA:175,4
DA:181,1
DA:183,4
DA:187,2
DA:188,2
DA:192,2
DA:193,4
DA:199,1
DA:201,4
DA:203,2
DA:204,2
DA:205,4
DA:207,4
DA:208,2
DA:213,2
DA:214,2
DA:218,2
DA:219,4
DA:225,1
DA:227,1
DA:230,1
DA:231,1
DA:234,2
DA:235,2
DA:236,4
DA:238,4
DA:239,2
DA:244,2
DA:245,2
DA:247,2
DA:248,2
DA:251,2
DA:252,2
DA:255,2
DA:258,6
DA:260,2
DA:261,2
DA:263,1
DA:264,1
DA:266,6
DA:268,2
LF:95
LH:95
end_of_record
TN:
SF:lib/features/error/presentation/error_screen.dart
FNF:0
FNH:0
DA:8,2
DA:16,2
DA:18,2
DA:21,6
DA:23,2
DA:24,2
DA:25,4
DA:27,2
DA:28,2
DA:30,2
DA:31,2
DA:34,2
DA:35,4
DA:36,4
LF:14
LH:14
end_of_record
TN:
SF:lib/features/home/presentation/home_notifier.dart
FNF:0
FNH:0
DA:11,2
DA:16,2
DA:25,2
DA:26,2
DA:29,4
DA:32,3
DA:34,2
DA:37,3
DA:42,1
DA:44,2
DA:53,6
DA:54,2
DA:55,2
DA:56,2
LF:14
LH:14
end_of_record
TN:
SF:lib/features/home/presentation/home_screen.dart
FNF:0
FNH:0
DA:10,33
DA:12,1
DA:14,2
DA:17,1
DA:18,1
DA:20,3
DA:21,1
DA:22,4
DA:30,1
DA:31,1
DA:32,3
DA:34,1
DA:38,1
DA:39,1
DA:45,1
DA:46,1
DA:47,1
DA:49,1
DA:50,2
DA:51,1
DA:52,1
DA:53,3
DA:54,1
DA:55,1
DA:58,3
DA:65,1
DA:66,1
DA:67,1
DA:69,1
DA:71,1
DA:72,1
DA:73,3
DA:74,3
DA:77,1
DA:78,1
DA:79,3
DA:80,1
DA:81,1
DA:84,3
LF:39
LH:39
end_of_record
TN:
SF:lib/features/home/presentation/home_state.dart
FNF:0
FNH:0
DA:4,34
DA:10,32
DA:16,33
DA:22,2
DA:31,34
LF:5
LH:5
end_of_record
TN:
SF:lib/features/splash/presentation/splash_notifier.dart
FNF:0
FNH:0
DA:9,2
DA:11,2
DA:17,2
DA:18,2
DA:22,4
DA:25,4
DA:28,3
DA:33,1
DA:34,1
DA:39,6
DA:40,2
DA:41,2
LF:12
LH:12
end_of_record
TN:
SF:lib/features/splash/presentation/splash_screen.dart
FNF:0
FNH:0
DA:10,33
DA:12,1
DA:14,2
DA:17,1
DA:18,1
DA:20,3
DA:21,1
DA:22,4
DA:31,1
DA:32,1
DA:33,1
DA:36,2
DA:38,1
DA:40,1
DA:42,1
DA:45,1
DA:51,1
DA:54,1
DA:55,1
DA:56,3
DA:58,1
DA:59,1
DA:64,1
DA:65,1
DA:66,1
DA:68,1
DA:69,1
DA:72,3
DA:77,1
DA:78,1
DA:79,1
LF:31
LH:31
end_of_record
TN:
SF:lib/features/splash/presentation/splash_state.dart
FNF:0
FNH:0
DA:7,36
DA:13,33
DA:19,34
DA:25,3
DA:30,1
DA:33,4
DA:36,1
DA:37,2
DA:46,4
DA:51,2
DA:54,8
DA:57,1
DA:58,2
LF:13
LH:13
end_of_record
