TN:
SF:lib/core/di/providers.dart
FNF:0
FNH:0
DA:31,3
DA:34,2
DA:35,3
DA:40,2
DA:41,3
DA:46,2
DA:47,3
LF:7
LH:7
end_of_record
TN:
SF:lib/core/error/error_handler.dart
FNF:0
FNH:0
DA:9,42
DA:12,1
DA:13,1
DA:14,3
DA:19,1
DA:20,1
DA:21,1
DA:22,1
DA:23,1
DA:24,1
DA:25,1
DA:28,1
DA:29,1
DA:30,1
DA:33,1
DA:34,1
DA:35,1
DA:38,1
DA:39,1
DA:44,1
DA:45,1
DA:51,1
DA:52,1
DA:53,1
DA:60,1
DA:61,1
DA:62,3
DA:67,1
DA:68,1
DA:69,1
DA:70,1
DA:73,1
DA:74,1
DA:75,1
DA:79,1
DA:80,1
DA:81,1
DA:88,1
DA:89,1
DA:90,1
DA:95,1
DA:96,1
DA:97,1
DA:98,1
DA:99,1
DA:104,1
DA:105,1
LF:47
LH:47
end_of_record
TN:
SF:lib/core/error/exceptions.dart
FNF:0
FNH:0
DA:9,53
DA:24,1
DA:25,3
DA:32,51
DA:43,51
DA:46,1
DA:57,2
DA:60,1
DA:71,1
DA:74,0
DA:85,2
DA:88,1
DA:99,2
DA:110,2
DA:113,1
DA:124,2
DA:127,1
DA:138,1
DA:149,1
DA:152,0
DA:163,1
DA:166,0
DA:177,4
DA:180,2
LF:24
LH:21
end_of_record
TN:
SF:lib/core/error/providers.dart
FNF:0
FNH:0
DA:5,9
DA:6,2
LF:2
LH:2
end_of_record
TN:
SF:lib/core/firebase/firebase_options.dart
FNF:0
FNH:0
DA:57,1
DA:59,0
DA:61,1
DA:62,1
DA:63,1
DA:64,0
DA:65,0
DA:66,0
DA:67,0
DA:68,0
DA:69,0
DA:70,0
DA:71,0
DA:75,0
DA:76,0
DA:92,2
DA:93,3
DA:94,3
DA:95,3
DA:96,3
DA:97,3
DA:98,3
DA:99,3
DA:110,2
DA:111,3
DA:112,3
DA:114,3
DA:115,3
DA:117,3
DA:118,3
DA:119,3
DA:131,2
DA:132,3
DA:133,3
DA:135,3
DA:136,3
DA:138,3
DA:139,3
DA:140,3
DA:141,3
DA:153,2
DA:154,3
DA:155,0
DA:157,3
DA:158,0
DA:160,3
DA:161,3
DA:162,3
DA:163,3
DA:176,2
DA:177,3
DA:178,3
DA:179,3
DA:180,3
DA:181,3
DA:182,3
DA:183,3
LF:57
LH:44
end_of_record
TN:
SF:lib/core/localization/app_localization.dart
FNF:0
FNH:0
DA:8,10
DA:9,10
DA:13,11
DA:16,22
DA:18,11
DA:22,1
DA:23,1
DA:24,1
DA:26,1
DA:29,1
LF:10
LH:10
end_of_record
TN:
SF:lib/core/localization/locale_provider.dart
FNF:0
FNH:0
DA:11,2
DA:14,1
DA:15,1
DA:19,2
DA:20,1
DA:21,1
DA:26,1
DA:27,1
DA:31,1
DA:32,1
DA:36,1
DA:38,1
DA:39,4
DA:40,1
DA:43,1
DA:48,0
DA:49,0
LF:17
LH:15
end_of_record
TN:
SF:lib/core/presentation/hooks/use_email_validator.dart
FNF:0
FNH:0
DA:24,6
DA:28,6
DA:29,6
DA:30,5
DA:31,5
DA:34,5
DA:35,5
DA:41,6
LF:8
LH:8
end_of_record
TN:
SF:lib/core/presentation/hooks/use_format_error_message.dart
FNF:0
FNH:0
DA:12,10
DA:13,10
DA:14,10
DA:16,10
DA:17,10
DA:21,20
DA:24,10
DA:25,40
DA:26,3
DA:27,1
DA:32,10
LF:11
LH:11
end_of_record
TN:
SF:lib/core/presentation/widgets/error_widget.dart
FNF:0
FNH:0
DA:8,9
DA:16,9
DA:19,18
DA:21,9
DA:23,9
DA:26,36
DA:27,27
LF:7
LH:7
end_of_record
TN:
SF:lib/core/routing/app_route.dart
FNF:0
FNH:0
DA:25,12
DA:36,18
DA:44,6
LF:3
LH:3
end_of_record
TN:
SF:lib/core/routing/app_router.dart
FNF:0
FNH:0
DA:25,3
DA:28,3
DA:29,3
DA:32,3
DA:33,3
DA:34,3
DA:35,3
DA:36,1
DA:38,3
DA:39,3
DA:40,3
DA:41,1
DA:43,3
DA:44,3
DA:45,3
DA:46,1
DA:48,3
DA:49,3
DA:50,3
DA:51,1
DA:54,0
DA:55,0
DA:57,0
DA:61,0
DA:62,0
DA:63,0
DA:66,0
DA:80,0
DA:82,0
DA:83,0
DA:84,0
DA:89,0
DA:90,0
DA:91,0
DA:92,0
LF:35
LH:20
end_of_record
TN:
SF:lib/core/routing/auth_notifier_provider.dart
FNF:0
FNH:0
DA:7,1
DA:15,1
DA:17,1
DA:18,1
DA:19,1
DA:21,1
LF:6
LH:6
end_of_record
TN:
SF:lib/core/routing/auth_router_notifier.dart
FNF:0
FNH:0
DA:25,1
DA:29,1
DA:41,2
DA:47,1
DA:50,1
DA:51,4
DA:52,1
DA:53,1
DA:56,1
DA:57,1
DA:63,1
DA:69,1
DA:70,1
DA:73,1
DA:84,1
DA:86,2
DA:89,1
DA:94,1
DA:103,3
DA:104,2
DA:105,2
LF:21
LH:21
end_of_record
TN:
SF:lib/core/theme/app_theme.dart
FNF:0
FNH:0
DA:6,44
DA:10,1
DA:32,3
DA:33,3
DA:48,3
DA:50,3
DA:51,3
DA:54,3
DA:55,3
DA:58,3
DA:59,3
DA:67,3
DA:68,3
DA:72,3
DA:75,3
DA:76,3
DA:79,3
DA:80,3
DA:83,3
DA:84,3
LF:20
LH:20
end_of_record
TN:
SF:lib/core/url_strategy/default_url_strategy.dart
FNF:0
FNH:0
DA:3,3
LF:1
LH:1
end_of_record
TN:
SF:lib/features/auth/data/providers/repository_provider.dart
FNF:0
FNH:0
DA:12,2
DA:18,2
DA:24,3
DA:30,9
DA:31,4
DA:41,9
DA:42,4
DA:43,4
DA:44,4
LF:9
LH:9
end_of_record
TN:
SF:lib/features/auth/data/repositories/firebase_auth_repository.dart
FNF:0
FNH:0
DA:9,3
DA:21,1
DA:24,2
DA:26,0
DA:30,1
DA:33,2
DA:37,0
DA:38,0
DA:40,0
DA:44,1
DA:50,2
DA:54,0
DA:55,0
DA:57,0
DA:61,1
DA:64,2
DA:66,0
DA:70,1
DA:73,4
DA:75,0
LF:20
LH:11
end_of_record
TN:
SF:lib/features/auth/domain/providers/auth_usecases_providers.dart
FNF:0
FNH:0
DA:9,33
DA:10,2
DA:20,14
DA:21,7
DA:22,10
DA:23,10
DA:31,12
DA:32,6
DA:33,12
DA:34,12
DA:42,6
DA:43,2
DA:44,2
DA:52,9
DA:53,2
DA:54,2
DA:62,6
DA:63,2
DA:64,2
LF:19
LH:19
end_of_record
TN:
SF:lib/features/auth/domain/usecases/create_user_with_email_and_password_usecase.dart
FNF:0
FNH:0
DA:12,6
DA:26,5
DA:35,10
LF:3
LH:3
end_of_record
TN:
SF:lib/features/auth/domain/usecases/get_auth_state_changes_usecase.dart
FNF:0
FNH:0
DA:11,2
DA:22,1
DA:30,2
LF:3
LH:3
end_of_record
TN:
SF:lib/features/auth/domain/usecases/is_authenticated_usecase.dart
FNF:0
FNH:0
DA:11,2
DA:22,1
DA:30,2
LF:3
LH:3
end_of_record
TN:
SF:lib/features/auth/domain/usecases/sign_in_with_email_and_password_usecase.dart
FNF:0
FNH:0
DA:15,6
DA:29,4
DA:31,4
DA:37,4
DA:43,4
DA:51,4
DA:52,8
DA:57,8
DA:60,4
DA:61,8
DA:64,1
DA:66,0
DA:67,0
DA:75,1
DA:76,2
DA:86,4
DA:87,4
DA:90,4
DA:94,4
DA:95,8
DA:99,4
DA:100,4
DA:101,4
DA:103,8
DA:104,0
DA:107,8
LF:26
LH:23
end_of_record
TN:
SF:lib/features/auth/domain/usecases/sign_out_usecase.dart
FNF:0
FNH:0
DA:11,2
DA:22,1
DA:29,2
LF:3
LH:3
end_of_record
TN:
SF:lib/features/auth/presentation/providers/login_form_provider.dart
FNF:0
FNH:0
DA:18,6
DA:21,0
DA:22,0
DA:26,0
DA:27,0
DA:31,2
DA:32,2
DA:37,6
DA:38,3
DA:39,6
LF:10
LH:6
end_of_record
TN:
SF:lib/features/auth/presentation/providers/login_notifier.dart
FNF:0
FNH:0
DA:12,7
DA:14,7
DA:20,6
DA:24,6
DA:27,12
DA:28,6
DA:31,6
DA:35,3
DA:37,0
DA:40,0
DA:41,0
DA:45,3
DA:47,0
DA:50,0
DA:51,0
DA:55,3
DA:57,0
DA:60,0
DA:61,0
DA:67,9
DA:70,3
DA:79,3
DA:80,3
DA:85,12
DA:86,6
DA:87,12
DA:88,12
LF:27
LH:18
end_of_record
TN:
SF:lib/features/auth/presentation/providers/register_form_provider.dart
FNF:0
FNH:0
DA:21,4
DA:24,1
DA:25,1
DA:29,1
DA:30,1
DA:34,1
DA:35,1
DA:39,1
DA:40,1
DA:45,4
DA:46,2
DA:47,4
LF:12
LH:12
end_of_record
TN:
SF:lib/features/auth/presentation/providers/register_notifier.dart
FNF:0
FNH:0
DA:13,6
DA:16,6
DA:22,6
DA:26,6
DA:29,12
DA:30,6
DA:33,6
DA:37,4
DA:39,0
DA:42,0
DA:43,0
DA:47,4
DA:49,0
DA:52,0
DA:53,0
DA:57,4
DA:59,0
DA:62,0
DA:63,0
DA:67,4
DA:69,0
DA:72,0
DA:73,0
DA:77,4
DA:79,0
DA:82,0
DA:83,0
DA:89,12
DA:92,4
DA:101,4
DA:102,4
DA:107,10
DA:108,5
DA:109,10
DA:110,10
LF:35
LH:20
end_of_record
TN:
SF:lib/features/auth/presentation/providers/state/login_state.dart
FNF:0
FNH:0
DA:6,52
DA:8,1
DA:9,1
DA:15,42
DA:21,45
DA:27,44
DA:33,11
DA:38,1
DA:39,2
LF:9
LH:9
end_of_record
TN:
SF:lib/features/auth/presentation/providers/state/register_state.dart
FNF:0
FNH:0
DA:6,52
DA:8,0
DA:9,0
DA:15,42
DA:21,44
DA:27,44
DA:33,11
DA:38,2
DA:39,4
LF:9
LH:7
end_of_record
TN:
SF:lib/features/auth/presentation/screens/login_screen.dart
FNF:0
FNH:0
DA:10,44
DA:12,3
DA:14,6
DA:15,6
DA:17,3
DA:18,3
DA:19,3
DA:20,3
DA:21,3
DA:24,3
DA:25,3
DA:26,3
DA:28,4
DA:29,2
DA:30,2
DA:35,3
DA:39,3
DA:40,3
DA:42,3
DA:43,3
DA:44,2
DA:45,0
DA:46,2
DA:52,3
DA:55,3
DA:56,3
DA:57,9
DA:59,3
DA:61,3
DA:75,3
DA:86,3
DA:92,6
DA:94,3
DA:107,2
DA:113,4
DA:115,8
DA:117,8
DA:124,3
DA:134,3
DA:135,6
DA:136,6
DA:139,3
DA:141,3
DA:144,3
DA:146,3
DA:149,9
DA:152,3
DA:156,3
DA:157,3
DA:159,3
DA:160,6
DA:166,1
DA:168,1
DA:172,3
DA:173,3
DA:176,3
DA:177,6
DA:183,1
DA:185,1
DA:188,1
DA:189,1
DA:192,2
DA:193,2
DA:194,4
DA:196,4
DA:197,2
DA:202,3
DA:203,3
DA:204,2
DA:205,2
DA:208,2
DA:209,2
DA:212,3
DA:215,9
DA:217,3
DA:218,3
DA:219,2
DA:220,2
DA:222,9
DA:224,3
LF:80
LH:79
end_of_record
TN:
SF:lib/features/auth/presentation/screens/register_screen.dart
FNF:0
FNH:0
DA:10,43
DA:12,2
DA:14,4
DA:15,4
DA:17,2
DA:18,2
DA:19,2
DA:20,2
DA:21,2
DA:22,2
DA:23,2
DA:26,2
DA:27,2
DA:28,2
DA:30,4
DA:31,2
DA:32,2
DA:37,2
DA:41,2
DA:42,2
DA:44,2
DA:45,2
DA:46,1
DA:47,1
DA:48,1
DA:49,1
DA:50,1
DA:57,2
DA:60,2
DA:61,2
DA:62,6
DA:64,2
DA:66,2
DA:82,2
DA:95,2
DA:101,4
DA:103,2
DA:118,2
DA:124,4
DA:126,4
DA:127,8
DA:135,2
DA:147,2
DA:148,4
DA:149,4
DA:152,2
DA:154,2
DA:157,2
DA:159,2
DA:162,6
DA:165,2
DA:169,2
DA:170,2
DA:174,2
DA:175,4
DA:181,1
DA:183,4
DA:187,2
DA:188,2
DA:192,2
DA:193,4
DA:199,1
DA:201,4
DA:203,2
DA:204,2
DA:205,4
DA:207,4
DA:208,2
DA:213,2
DA:214,2
DA:218,2
DA:219,4
DA:225,1
DA:227,1
DA:230,1
DA:231,1
DA:234,2
DA:235,2
DA:236,4
DA:238,4
DA:239,2
DA:244,2
DA:245,2
DA:247,2
DA:248,2
DA:251,2
DA:252,2
DA:255,2
DA:258,6
DA:260,2
DA:261,2
DA:263,1
DA:264,1
DA:266,6
DA:268,2
LF:95
LH:95
end_of_record
TN:
SF:lib/features/error/presentation/providers/error_notifier.dart
FNF:0
FNH:0
DA:9,0
DA:12,0
DA:13,0
DA:17,0
DA:20,0
DA:23,0
DA:24,0
DA:29,0
DA:32,0
DA:33,0
DA:41,0
DA:42,0
DA:45,0
DA:53,0
DA:54,0
DA:55,0
LF:16
LH:0
end_of_record
TN:
SF:lib/features/error/presentation/providers/state/error_state.dart
FNF:0
FNH:0
DA:6,41
DA:8,0
DA:9,0
DA:15,41
DA:21,41
DA:27,41
DA:35,0
DA:40,0
DA:41,0
LF:9
LH:4
end_of_record
TN:
SF:lib/features/error/presentation/screens/error_screen.dart
FNF:0
FNH:0
DA:8,2
DA:16,2
DA:18,2
DA:21,6
DA:23,2
DA:24,2
DA:25,4
DA:27,2
DA:28,2
DA:30,2
DA:31,2
DA:34,2
DA:35,4
DA:36,4
LF:14
LH:14
end_of_record
TN:
SF:lib/features/home/data/providers/repository_provider.dart
FNF:0
FNH:0
DA:13,6
DA:14,1
LF:2
LH:2
end_of_record
TN:
SF:lib/features/home/data/repositories/in_memory_home_repository.dart
FNF:0
FNH:0
DA:9,41
DA:11,0
LF:2
LH:1
end_of_record
TN:
SF:lib/features/home/domain/providers/home_usecases_providers.dart
FNF:0
FNH:0
DA:9,3
DA:10,2
DA:17,0
DA:18,0
DA:19,0
LF:5
LH:2
end_of_record
TN:
SF:lib/features/home/domain/usecases/some_home_operation_usecase.dart
FNF:0
FNH:0
DA:8,0
DA:18,0
DA:19,0
LF:3
LH:0
end_of_record
TN:
SF:lib/features/home/presentation/providers/home_notifier.dart
FNF:0
FNH:0
DA:13,1
DA:18,1
DA:27,1
DA:28,1
DA:31,2
DA:34,3
DA:37,1
DA:38,2
DA:43,1
DA:46,1
DA:52,3
DA:55,1
DA:64,1
DA:66,2
DA:69,1
DA:78,1
DA:87,0
DA:88,0
DA:91,0
DA:99,3
DA:100,2
DA:101,2
DA:102,2
LF:23
LH:20
end_of_record
TN:
SF:lib/features/home/presentation/providers/state/home_state.dart
FNF:0
FNH:0
DA:6,43
DA:8,0
DA:9,0
DA:15,41
DA:21,42
DA:27,2
DA:32,0
DA:33,0
DA:41,42
DA:47,2
DA:52,0
DA:53,0
LF:12
LH:6
end_of_record
TN:
SF:lib/features/home/presentation/screens/home_screen.dart
FNF:0
FNH:0
DA:12,41
DA:14,0
DA:16,0
DA:19,0
DA:20,0
DA:22,0
DA:24,0
DA:25,0
DA:26,0
DA:35,0
DA:36,0
DA:37,0
DA:39,0
DA:44,0
DA:45,0
DA:48,0
DA:49,0
DA:55,0
DA:56,0
DA:57,0
DA:59,0
DA:60,0
DA:61,0
DA:62,0
DA:63,0
DA:64,0
DA:65,0
DA:68,0
DA:75,0
DA:76,0
DA:77,0
DA:79,0
DA:80,0
DA:81,0
DA:82,0
DA:83,0
DA:84,0
DA:87,0
DA:94,0
DA:95,0
DA:96,0
DA:98,0
DA:100,0
DA:101,0
DA:102,0
DA:103,0
DA:106,0
DA:107,0
DA:108,0
DA:109,0
DA:110,0
DA:113,0
LF:52
LH:1
end_of_record
TN:
SF:lib/features/splash/data/providers/repository_provider.dart
FNF:0
FNH:0
DA:13,6
DA:14,1
LF:2
LH:2
end_of_record
TN:
SF:lib/features/splash/data/repositories/in_memory_splash_repository.dart
FNF:0
FNH:0
DA:9,41
DA:11,0
LF:2
LH:1
end_of_record
TN:
SF:lib/features/splash/domain/providers/splash_usecases_providers.dart
FNF:0
FNH:0
DA:9,3
DA:10,2
DA:17,0
DA:18,0
DA:19,0
LF:5
LH:2
end_of_record
TN:
SF:lib/features/splash/domain/usecases/some_splash_operation_usecase.dart
FNF:0
FNH:0
DA:8,0
DA:18,0
DA:19,0
LF:3
LH:0
end_of_record
TN:
SF:lib/features/splash/presentation/providers/splash_notifier.dart
FNF:0
FNH:0
DA:13,2
DA:15,2
DA:21,2
DA:22,2
DA:26,4
DA:29,4
DA:32,2
DA:33,2
DA:38,3
DA:41,1
DA:50,1
DA:52,1
DA:57,1
DA:61,0
DA:62,0
DA:65,0
DA:73,2
DA:74,1
DA:75,2
DA:76,2
LF:20
LH:17
end_of_record
TN:
SF:lib/features/splash/presentation/providers/state/splash_state.dart
FNF:0
FNH:0
DA:6,45
DA:8,0
DA:9,0
DA:15,43
DA:21,43
DA:27,3
DA:32,1
DA:33,2
DA:42,4
DA:47,1
DA:48,2
LF:11
LH:9
end_of_record
TN:
SF:lib/features/splash/presentation/screens/splash_screen.dart
FNF:0
FNH:0
DA:10,41
DA:12,0
DA:14,0
DA:17,0
DA:18,0
DA:20,0
DA:21,0
DA:22,0
DA:31,0
DA:32,0
DA:33,0
DA:36,0
DA:38,0
DA:40,0
DA:42,0
DA:45,0
DA:51,0
DA:54,0
DA:55,0
DA:56,0
DA:58,0
DA:59,0
DA:64,0
DA:65,0
DA:66,0
DA:68,0
DA:69,0
DA:72,0
DA:77,0
DA:78,0
DA:79,0
LF:31
LH:1
end_of_record
